INFO:root:Soem

INFO:root:midn

INFO:root:preciesly

INFO:root:prat

INFO:root:teh

INFO:root:teh

INFO:root:circulatino

INFO:root:Whenever

INFO:root:groiwng

INFO:root:dapm

INFO:root:Novembre

INFO:root:suol

INFO:root:whenevre

INFO:root:msyelf

INFO:root:bfeore

INFO:root:coffni

INFO:root:wareohuses

INFO:root:adn

INFO:root:teh

INFO:root:espceially

INFO:root:wheenver

INFO:root:hpyos

INFO:root:gte

INFO:root:rqeuires

INFO:root:frmo

INFO:root:thne

INFO:root:accoutn

INFO:root:tmie

INFO:root:Tihs

INFO:root:psitol

INFO:root:With

INFO:root:Caot

INFO:root:swodr

INFO:root:There

INFO:root:tihs

INFO:root:If

INFO:root:theri

INFO:root:dergee

INFO:root:tiem

INFO:root:ohter

INFO:root:cehrish

INFO:root:veyr

INFO:root:nearyl

INFO:root:saem

INFO:root:feelnigs

INFO:root:toawrds

